error: Error en la consulta getReminderByID: Error
error: Error en la consulta getReminderByID: 
error: Error en la consulta getReminderByID: connect ECONNREFUSED 127.0.0.1:3306
error: Error en la consulta getReminderByID: 
error: Error en la consulta getReminderByID: getaddrinfo ENOTFOUND localhost:3001
error: Error en la consulta getReminderByID: 
error: Error en la consulta getReminderByID: 
error: Error en la consulta getReminderByID: 
error: Error en la consulta getReminderByID: 
error: Error en la consulta getReminderByID: You have tried to call .then(), .catch(), or invoked await on the result of query that is not a promise, which is a programming error. Try calling con.promise().query(), or require('mysql2/promise') instead of 'mysql2' for a promise-compatible version of the query interface. To learn how to use async/await or Promises check out documentation at https://sidorares.github.io/node-mysql2/docs#using-promise-wrapper, or the mysql2 documentation at https://sidorares.github.io/node-mysql2/docs/documentation/promise-wrapper
error: Error en la conexión a la base de datos: 
error: Error en la consulta getReminderByID: 
error: Error en la consulta getReminderByID: 
error: Error en la consulta getUserByMail: Table 'app_recordatorios.user' doesn't exist
error: Error en la consulta getUserByMail: Table 'app_recordatorios.user' doesn't exist
error: Error en la consulta getUserByID: Table 'app_recordatorios.user' doesn't exist
error: Error en la consulta getUserByID: Table 'app_recordatorios.user' doesn't exist
error: Error en la consulta getUserByID: Table 'app_recordatorios.user' doesn't exist
error: Error en la consulta getReminderByID: Table 'app_recordatorios.reminder' doesn't exist
error: Error en la consulta getUserByMail: Table 'app_recordatorios.user' doesn't exist
error: Error en la consulta getUserByMail: Table 'app_recordatorios.user' doesn't exist
error: Error en la consulta getUserByMail: Table 'app_recordatorios.user' doesn't exist
error: Error en la consulta getUserByMail: Table 'app_recordatorios.user' doesn't exist
error: Error en la consulta getUserByMail: Table 'app_recordatorios.user' doesn't exist
error: Error en la consulta getUserByMail: Table 'app_recordatorios.user' doesn't exist
